<?xml version="1.0" encoding="UTF-8"?>
<testng-results ignored="0" total="1" passed="1" failed="0" skipped="0">
  <reporter-output>
  </reporter-output>
  <suite started-at="2025-04-15T14:25:45 IST" name="Default suite" finished-at="2025-04-15T14:25:59 IST" duration-ms="13737">
    <groups>
    </groups>
    <test started-at="2025-04-15T14:25:45 IST" name="Default test" finished-at="2025-04-15T14:25:59 IST" duration-ms="13737">
      <class name="DemoTNG.TestNGt">
        <test-method is-config="true" signature="setup()[pri:0, instance:DemoTNG.TestNGt@ba2f4ec]" started-at="2025-04-15T14:25:45 IST" name="setup" finished-at="2025-04-15T14:25:47 IST" duration-ms="1767" status="PASS">
          <reporter-output>
          </reporter-output>
        </test-method> <!-- setup -->
        <test-method signature="SampleAutomation()[pri:0, instance:DemoTNG.TestNGt@ba2f4ec]" started-at="2025-04-15T14:25:47 IST" name="SampleAutomation" finished-at="2025-04-15T14:25:59 IST" duration-ms="11721" status="PASS">
          <reporter-output>
          </reporter-output>
        </test-method> <!-- SampleAutomation -->
        <test-method is-config="true" signature="tearDown()[pri:0, instance:DemoTNG.TestNGt@ba2f4ec]" started-at="2025-04-15T14:25:59 IST" name="tearDown" finished-at="2025-04-15T14:25:59 IST" duration-ms="204" status="PASS">
          <reporter-output>
          </reporter-output>
        </test-method> <!-- tearDown -->
      </class> <!-- DemoTNG.TestNGt -->
    </test> <!-- Default test -->
  </suite> <!-- Default suite -->
</testng-results>
